<?xml version="1.0" encoding="UTF-8"?>
<!-- Generated by org.testng.reporters.JUnitReportReporter -->
<testsuite hostname="LAPTOP-LR60D6IR" failures="0" tests="1" name="pageObjectFinal.TC_001_LoginTest" time="2.447" errors="0" timestamp="2025-09-17T07:51:06 IST" skipped="0">
  <testcase classname="pageObjectFinal.TC_001_LoginTest" name="login" time="2.447"/>
</testsuite> <!-- pageObjectFinal.TC_001_LoginTest -->
