<?xml version="1.0" encoding="UTF-8"?>
<!-- Generated by org.testng.reporters.JUnitReportReporter -->
<testsuite hostname="LAPTOP-LR60D6IR" failures="0" tests="1" name="pageObjectExcelDataDriver.TC_001_ExcelDataInTC" time="19.259" errors="0" timestamp="2025-09-14T18:44:36 IST" skipped="0">
  <testcase classname="pageObjectExcelDataDriver.TC_001_ExcelDataInTC" name="DataDriven" time="19.259"/>
</testsuite> <!-- pageObjectExcelDataDriver.TC_001_ExcelDataInTC -->
