<?xml version="1.0" encoding="UTF-8"?>
<!-- Generated by org.testng.reporters.JUnitReportReporter -->
<testsuite hostname="LAPTOP-LR60D6IR" failures="0" tests="1" name="practiceSet3.P3_SystemSetPro" time="11.756" errors="0" timestamp="2025-08-23T19:45:06 IST" skipped="0">
  <testcase classname="practiceSet3.P3_SystemSetPro" name="sliders" time="11.756"/>
</testsuite> <!-- practiceSet3.P3_SystemSetPro -->
