<?xml version="1.0" encoding="UTF-8"?>
<!-- Generated by org.testng.reporters.JUnitReportReporter -->
<testsuite hostname="STI-PNQ2263" failures="0" tests="2" name="TestNGNew.TestNGAnnotations" time="0.010" errors="0" timestamp="2025-06-21T08:02:59 IST" skipped="0">
  <testcase classname="TestNGNew.TestNGAnnotations" name="search" time="0.009"/>
  <system-out/>
  <testcase classname="TestNGNew.TestNGAnnotations" name="Advancedsearch" time="0.001"/>
  <system-out/>
</testsuite> <!-- TestNGNew.TestNGAnnotations -->
