<?xml version="1.0" encoding="UTF-8"?>
<!-- Generated by org.testng.reporters.JUnitReportReporter -->
<testsuite hostname="STI-PNQ2263" failures="0" tests="2" name="TestNGNew.TestNGAnnotationsClass$TestNGAnnotations" time="0.008" errors="0" timestamp="2025-06-21T08:05:09 IST" skipped="0">
  <testcase classname="TestNGNew.TestNGAnnotationsClass$TestNGAnnotations" name="search" time="0.003"/>
  <system-out/>
  <testcase classname="TestNGNew.TestNGAnnotationsClass$TestNGAnnotations" name="Advancedsearch" time="0.005"/>
  <system-out/>
</testsuite> <!-- TestNGNew.TestNGAnnotationsClass$TestNGAnnotations -->
