<?xml version="1.0" encoding="UTF-8"?>
<!-- Generated by org.testng.reporters.JUnitReportReporter -->
<testsuite hostname="STI-PNQ2263" failures="0" tests="1" name="PageObjectByPageFactory.LoginTestPF" time="2.869" errors="0" timestamp="2025-07-04T08:58:24 IST" skipped="0">
  <testcase classname="PageObjectByPageFactory.LoginTestPF" name="LoginCheck" time="2.869"/>
  <system-out/>
</testsuite> <!-- PageObjectByPageFactory.LoginTestPF -->
