<?xml version="1.0" encoding="UTF-8"?>
<!-- Generated by org.testng.reporters.JUnitReportReporter -->
<testsuite hostname="LAPTOP-LR60D6IR" failures="0" tests="1" name="practiceSet2.DynamicDropDown" time="3.868" errors="0" timestamp="2025-07-18T07:10:46 IST" skipped="0">
  <testcase classname="practiceSet2.DynamicDropDown" name="AutoSuggestiveDropDown" time="3.868"/>
</testsuite> <!-- practiceSet2.DynamicDropDown -->
