<?xml version="1.0" encoding="UTF-8"?>
<!-- Generated by org.testng.reporters.JUnitReportReporter -->
<testsuite hostname="LAPTOP-LR60D6IR" failures="0" tests="3" name="practiceSet3.practice4" time="0.055" errors="0" timestamp="2025-09-16T07:56:42 IST" skipped="0">
  <testcase classname="practiceSet3.practice4" name="m2" time="0.040"/>
  <testcase classname="practiceSet3.practice4" name="m3" time="0.007"/>
  <testcase classname="practiceSet3.practice4" name="m4" time="0.008"/>
</testsuite> <!-- practiceSet3.practice4 -->
