<?xml version="1.0" encoding="UTF-8"?>
<!-- Generated by org.testng.reporters.JUnitReportReporter -->
<testsuite hostname="LAPTOP-LR60D6IR" failures="0" tests="1" name="assertions.Validation" time="9.660" errors="0" timestamp="2025-09-05T18:17:20 IST" skipped="0">
  <testcase classname="assertions.Validation" name="Login" time="9.660"/>
</testsuite> <!-- assertions.Validation -->
