<?xml version="1.0" encoding="UTF-8"?>
<!-- Generated by org.testng.reporters.JUnitReportReporter -->
<testsuite hostname="LAPTOP-LR60D6IR" failures="0" tests="3" name="practiceSet3.SignUp" time="0.011" errors="0" timestamp="2025-07-31T07:25:09 IST" skipped="0">
  <testcase classname="practiceSet3.SignUp" name="m1" time="0.004"/>
  <testcase classname="practiceSet3.SignUp" name="m3" time="0.004"/>
  <testcase classname="practiceSet3.SignUp" name="m2" time="0.003"/>
</testsuite> <!-- practiceSet3.SignUp -->
