<?xml version="1.0" encoding="UTF-8"?>
<!-- Generated by org.testng.reporters.JUnitReportReporter -->
<testsuite hostname="LAPTOP-LR60D6IR" failures="0" tests="1" name="pdfValidation.PdfValidationRunTime" time="14.098" errors="0" timestamp="2025-07-31T05:21:34 IST" skipped="0">
  <testcase classname="pdfValidation.PdfValidationRunTime" name="pdfValidate" time="14.098"/>
</testsuite> <!-- pdfValidation.PdfValidationRunTime -->
