<?xml version="1.0" encoding="UTF-8"?>
<!-- Generated by org.testng.reporters.JUnitReportReporter -->
<testsuite hostname="STI-PNQ2263" failures="0" tests="3" name="TestNGNew.TestNG_Practice" time="22.366" errors="0" timestamp="2025-06-22T18:23:53 IST" skipped="0">
  <testcase classname="TestNGNew.TestNG_Practice" name="openapp" time="17.002"/>
  <system-out/>
  <testcase classname="TestNGNew.TestNG_Practice" name="Login" time="5.210"/>
  <system-out/>
  <testcase classname="TestNGNew.TestNG_Practice" name="Submit" time="0.154"/>
  <system-out/>
</testsuite> <!-- TestNGNew.TestNG_Practice -->
