<?xml version="1.0" encoding="UTF-8"?>
<!-- Generated by org.testng.reporters.JUnitReportReporter -->
<testsuite hostname="STI-PNQ2263" failures="0" tests="1" name="TestNGNew.Class2$Class1" time="0.009" errors="0" timestamp="2025-06-21T17:26:45 IST" skipped="0">
  <testcase classname="TestNGNew.Class2$Class1" name="m1" time="0.009"/>
  <system-out/>
</testsuite> <!-- TestNGNew.Class2$Class1 -->
