<?xml version="1.0" encoding="UTF-8"?>
<!-- Generated by org.testng.reporters.JUnitReportReporter -->
<testsuite hostname="STI-PNQ2263" failures="0" tests="3" name="TestNG_Practice" time="16.543" errors="0" timestamp="2025-06-21T05:37:02 IST" skipped="0">
  <testcase classname="TestNG_Practice" name="openapp" time="13.761"/>
  <system-out/>
  <testcase classname="TestNG_Practice" name="Login" time="2.516"/>
  <system-out/>
  <testcase classname="TestNG_Practice" name="Submit" time="0.266"/>
  <system-out/>
</testsuite> <!-- TestNG_Practice -->
