<?xml version="1.0" encoding="UTF-8"?>
<!-- Generated by org.testng.reporters.JUnitReportReporter -->
<testsuite hostname="LAPTOP-LR60D6IR" failures="0" tests="1" name="practiceSet2.WrittingDataIntoExcel" time="1.842" errors="0" timestamp="2025-07-26T12:22:43 IST" skipped="0">
  <testcase classname="practiceSet2.WrittingDataIntoExcel" name="CreateExcelSheetData" time="1.842"/>
</testsuite> <!-- practiceSet2.WrittingDataIntoExcel -->
