<?xml version="1.0" encoding="UTF-8"?>
<!-- Generated by org.testng.reporters.JUnitReportReporter -->
<testsuite hostname="LAPTOP-LR60D6IR" failures="0" tests="3" name="practiceSet3.DependsOn" time="0.075" errors="0" timestamp="2025-08-02T17:33:07 IST" skipped="0">
  <testcase classname="practiceSet3.DependsOn" name="logout" time="0.007"/>
  <testcase classname="practiceSet3.DependsOn" name="openApp" time="0.061"/>
  <testcase classname="practiceSet3.DependsOn" name="Login" time="0.007"/>
</testsuite> <!-- practiceSet3.DependsOn -->
