<?xml version="1.0" encoding="UTF-8"?>
<!-- Generated by org.testng.reporters.JUnitReportReporter -->
<testsuite hostname="LAPTOP-LR60D6IR" failures="0" tests="1" name="practiceSet3.LoginTest" time="5.122" errors="0" timestamp="2025-09-16T07:36:01 IST" skipped="0">
  <testcase classname="practiceSet3.LoginTest" name="Test" time="5.122"/>
</testsuite> <!-- practiceSet3.LoginTest -->
