<?xml version="1.0" encoding="UTF-8"?>
<!-- Generated by org.testng.reporters.JUnitReportReporter -->
<testsuite hostname="LAPTOP-LR60D6IR" failures="0" tests="1" name="practiceSet2.WebTable" time="35.175" errors="0" timestamp="2025-07-23T08:19:08 IST" skipped="0">
  <testcase classname="practiceSet2.WebTable" name="webTable" time="35.175"/>
</testsuite> <!-- practiceSet2.WebTable -->
