<?xml version="1.0" encoding="UTF-8"?>
<!-- Generated by org.testng.reporters.JUnitReportReporter -->
<testsuite hostname="LAPTOP-LR60D6IR" failures="0" tests="1" name="practiceSet3.Login" time="0.003" errors="0" timestamp="2025-07-31T07:43:03 IST" skipped="0">
  <testcase classname="practiceSet3.Login" name="m4" time="0.003"/>
</testsuite> <!-- practiceSet3.Login -->
