<?xml version="1.0" encoding="UTF-8"?>
<!-- Generated by org.testng.reporters.JUnitReportReporter -->
<testsuite hostname="LAPTOP-LR60D6IR" failures="0" tests="1" name="excelHandlingBypageObject_2.TC002_LoginDataByExcel" time="13.681" errors="0" timestamp="2025-09-15T08:30:02 IST" skipped="0">
  <testcase classname="excelHandlingBypageObject_2.TC002_LoginDataByExcel" name="LoginData" time="13.681"/>
</testsuite> <!-- excelHandlingBypageObject_2.TC002_LoginDataByExcel -->
