<?xml version="1.0" encoding="UTF-8"?>
<!-- Generated by org.testng.reporters.JUnitReportReporter -->
<testsuite hostname="STI-PNQ2263" failures="0" tests="1" name="pageObject.LoginTest" time="3.381" errors="0" timestamp="2025-07-04T07:38:48 IST" skipped="0">
  <testcase classname="pageObject.LoginTest" name="test" time="3.381"/>
  <system-out/>
</testsuite> <!-- pageObject.LoginTest -->
