<?xml version="1.0" encoding="UTF-8"?>
<!-- Generated by org.testng.reporters.JUnitReportReporter -->
<testsuite hostname="STI-PNQ2263" failures="0" tests="3" name="testNGgrouping.Payment" time="0.012" errors="0" timestamp="2025-06-22T08:18:38 IST" skipped="0">
  <testcase classname="testNGgrouping.Payment" name="PaymentByDollar" time="0.009"/>
  <system-out/>
  <testcase classname="testNGgrouping.Payment" name="PaymentByRupees" time="0.001"/>
  <system-out/>
  <testcase classname="testNGgrouping.Payment" name="paymentByDinar" time="0.002"/>
  <system-out/>
</testsuite> <!-- testNGgrouping.Payment -->
