<?xml version="1.0" encoding="UTF-8"?>
<!-- Generated by org.testng.reporters.JUnitReportReporter -->
<testsuite hostname="LAPTOP-LR60D6IR" failures="0" tests="1" name="datePicker.MouseHover" time="11.963" errors="0" timestamp="2025-07-20T17:20:35 IST" skipped="0">
  <testcase classname="datePicker.MouseHover" name="MoveToElements" time="11.963"/>
</testsuite> <!-- datePicker.MouseHover -->
