<?xml version="1.0" encoding="UTF-8"?>
<!-- Generated by org.testng.reporters.JUnitReportReporter -->
<testsuite hostname="STI-PNQ2263" failures="0" tests="1" name="assertions.AssertionsDemo1" time="0.009" errors="0" timestamp="2025-06-21T20:13:18 IST" skipped="0">
  <testcase classname="assertions.AssertionsDemo1" name="ApplicationName" time="0.009"/>
  <system-out/>
</testsuite> <!-- assertions.AssertionsDemo1 -->
