<?xml version="1.0" encoding="UTF-8"?>
<!-- Generated by org.testng.reporters.JUnitReportReporter -->
<testsuite hostname="LAPTOP-LR60D6IR" failures="0" tests="1" name="systemSetProperty1.LoginClass3" time="3.285" errors="0" timestamp="2025-08-17T08:11:48 IST" skipped="0">
  <testcase classname="systemSetProperty1.LoginClass3" name="login" time="3.285"/>
</testsuite> <!-- systemSetProperty1.LoginClass3 -->
