<?xml version="1.0" encoding="UTF-8"?>
<!-- Generated by org.testng.reporters.JUnitReportReporter -->
<testsuite hostname="LAPTOP-LR60D6IR" failures="0" tests="3" name="practiceSet2.TestNGClass" time="0.041" errors="0" timestamp="2025-07-31T06:48:15 IST" skipped="0">
  <testcase classname="practiceSet2.TestNGClass" name="OpenApp" time="0.023"/>
  <testcase classname="practiceSet2.TestNGClass" name="Login" time="0.002"/>
  <testcase classname="practiceSet2.TestNGClass" name="verifyLogin" time="0.016"/>
</testsuite> <!-- practiceSet2.TestNGClass -->
