<?xml version="1.0" encoding="UTF-8"?>
<!-- Generated by org.testng.reporters.JUnitReportReporter -->
<testsuite hostname="STI-PNQ2263" failures="0" tests="3" name="testNGgrouping.Signup" time="0.012" errors="0" timestamp="2025-06-22T08:24:10 IST" skipped="0">
  <testcase classname="testNGgrouping.Signup" name="SignupByEmail" time="0.008"/>
  <system-out/>
  <testcase classname="testNGgrouping.Signup" name="SignupByFaceBook" time="0.003"/>
  <system-out/>
  <testcase classname="testNGgrouping.Signup" name="SignupBytwitter" time="0.001"/>
  <system-out/>
</testsuite> <!-- testNGgrouping.Signup -->
