<?xml version="1.0" encoding="UTF-8"?>
<!-- Generated by org.testng.reporters.JUnitReportReporter -->
<testsuite hostname="STI-PNQ2263" failures="0" tests="3" name="TestNGPractice" time="0.014" errors="0" timestamp="2025-06-18T07:46:11 IST" skipped="0">
  <testcase classname="TestNGPractice" name="OpenApp" time="0.010"/>
  <system-out/>
  <testcase classname="TestNGPractice" name="Login" time="0.003"/>
  <system-out/>
  <testcase classname="TestNGPractice" name="Logout" time="0.001"/>
  <system-out/>
</testsuite> <!-- TestNGPractice -->
