<?xml version="1.0" encoding="UTF-8"?>
<!-- Generated by org.testng.reporters.JUnitReportReporter -->
<testsuite hostname="LAPTOP-LR60D6IR" failures="0" tests="4" name="systemSetProperty1.MouseHover" time="19.384" errors="0" timestamp="2025-08-17T07:03:44 IST" skipped="0">
  <testcase classname="systemSetProperty1.MouseHover" name="logintoapp" time="3.908"/>
  <testcase classname="systemSetProperty1.MouseHover" name="logintoapp" time="5.639"/>
  <testcase classname="systemSetProperty1.MouseHover" name="logintoapp" time="5.376"/>
  <testcase classname="systemSetProperty1.MouseHover" name="logintoapp" time="4.461"/>
</testsuite> <!-- systemSetProperty1.MouseHover -->
