<?xml version="1.0" encoding="UTF-8"?>
<!-- Generated by org.testng.reporters.JUnitReportReporter -->
<testsuite hostname="LAPTOP-LR60D6IR" failures="0" tests="1" name="practiceSet2.ShadowDom" time="1.737" errors="0" timestamp="2025-07-26T07:39:22 IST" skipped="0">
  <testcase classname="practiceSet2.ShadowDom" name="ShadowDomCheck" time="1.737"/>
</testsuite> <!-- practiceSet2.ShadowDom -->
