<?xml version="1.0" encoding="UTF-8"?>
<!-- Generated by org.testng.reporters.JUnitReportReporter -->
<testsuite hostname="STI-PNQ2263" failures="0" tests="2" name="TestNGNew.TestNGAnnotationsClass" time="0.005" errors="0" timestamp="2025-06-21T08:06:07 IST" skipped="0">
  <testcase classname="TestNGNew.TestNGAnnotationsClass" name="search" time="0.004"/>
  <system-out/>
  <testcase classname="TestNGNew.TestNGAnnotationsClass" name="Advancedsearch" time="0.001"/>
  <system-out/>
</testsuite> <!-- TestNGNew.TestNGAnnotationsClass -->
