<?xml version="1.0" encoding="UTF-8"?>
<!-- Generated by org.testng.reporters.JUnitReportReporter -->
<testsuite hostname="LAPTOP-LR60D6IR" failures="0" tests="1" name="practiceSet2.BrokenLinks" time="29.113" errors="1" timestamp="2025-07-24T06:29:14 IST" skipped="0">
  <testcase classname="practiceSet2.BrokenLinks" name="findingBrokenLinks" time="29.113">
    <error message="www.domaindoesnot.exist" type="java.net.UnknownHostException">
      <![CDATA[java.net.UnknownHostException: www.domaindoesnot.exist
at java.base/sun.nio.ch.NioSocketImpl.connect(NioSocketImpl.java:558)
at java.base/java.net.Socket.connect(Socket.java:665)
at java.base/java.net.Socket.connect(Socket.java:603)
at java.base/sun.net.NetworkClient.doConnect(NetworkClient.java:166)
at java.base/sun.net.www.http.HttpClient.openServer(HttpClient.java:516)
at java.base/sun.net.www.http.HttpClient.openServer(HttpClient.java:604)
at java.base/sun.net.www.http.HttpClient.<init>(HttpClient.java:274)
at java.base/sun.net.www.http.HttpClient.New(HttpClient.java:380)
at java.base/sun.net.www.http.HttpClient.New(HttpClient.java:393)
at java.base/sun.net.www.protocol.http.HttpURLConnection.getNewHttpClient(HttpURLConnection.java:1029)
at java.base/sun.net.www.protocol.http.HttpURLConnection.plainConnect0(HttpURLConnection.java:962)
at java.base/sun.net.www.protocol.http.HttpURLConnection.plainConnect(HttpURLConnection.java:898)
at java.base/sun.net.www.protocol.http.HttpURLConnection.connect(HttpURLConnection.java:871)
at java.base/sun.net.www.protocol.http.HttpURLConnection.getInputStream0(HttpURLConnection.java:1376)
at java.base/sun.net.www.protocol.http.HttpURLConnection.getInputStream(HttpURLConnection.java:1301)
at java.base/java.net.HttpURLConnection.getResponseCode(HttpURLConnection.java:493)
at practiceSet2.BrokenLinks.findingBrokenLinks(BrokenLinks.java:46)
at java.base/jdk.internal.reflect.DirectMethodHandleAccessor.invoke(DirectMethodHandleAccessor.java:104)
at java.base/java.lang.reflect.Method.invoke(Method.java:565)
at org.testng.internal.invokers.MethodInvocationHelper.invokeMethod(MethodInvocationHelper.java:139)
at org.testng.internal.invokers.TestInvoker.invokeMethod(TestInvoker.java:664)
at org.testng.internal.invokers.TestInvoker.invokeTestMethod(TestInvoker.java:228)
at org.testng.internal.invokers.MethodRunner.runInSequence(MethodRunner.java:63)
at org.testng.internal.invokers.TestInvoker$MethodInvocationAgent.invoke(TestInvoker.java:961)
at org.testng.internal.invokers.TestInvoker.invokeTestMethods(TestInvoker.java:201)
at org.testng.internal.invokers.TestMethodWorker.invokeTestMethods(TestMethodWorker.java:148)
at org.testng.internal.invokers.TestMethodWorker.run(TestMethodWorker.java:128)
at java.base/java.util.ArrayList.forEach(ArrayList.java:1604)
at org.testng.TestRunner.privateRun(TestRunner.java:819)
at org.testng.TestRunner.run(TestRunner.java:619)
at org.testng.SuiteRunner.runTest(SuiteRunner.java:443)
at org.testng.SuiteRunner.runSequentially(SuiteRunner.java:437)
at org.testng.SuiteRunner.privateRun(SuiteRunner.java:397)
at org.testng.SuiteRunner.run(SuiteRunner.java:336)
at org.testng.SuiteRunnerWorker.runSuite(SuiteRunnerWorker.java:52)
at org.testng.SuiteRunnerWorker.run(SuiteRunnerWorker.java:95)
at org.testng.TestNG.runSuitesSequentially(TestNG.java:1301)
at org.testng.TestNG.runSuitesLocally(TestNG.java:1228)
at org.testng.TestNG.runSuites(TestNG.java:1134)
at org.testng.TestNG.run(TestNG.java:1101)
at org.testng.remote.AbstractRemoteTestNG.run(AbstractRemoteTestNG.java:115)
at org.testng.remote.RemoteTestNG.initAndRun(RemoteTestNG.java:293)
at org.testng.remote.RemoteTestNG.main(RemoteTestNG.java:91)
]]>
    </error>
  </testcase> <!-- findingBrokenLinks -->
</testsuite> <!-- practiceSet2.BrokenLinks -->
