<?xml version="1.0" encoding="UTF-8"?>
<!-- Generated by org.testng.reporters.JUnitReportReporter -->
<testsuite hostname="LAPTOP-LR60D6IR" failures="0" tests="1" name="windowHandlings.WindowHanding" time="1.770" errors="0" timestamp="2025-10-01T08:42:23 IST" skipped="0">
  <testcase classname="windowHandlings.WindowHanding" name="filesUpload" time="1.770"/>
</testsuite> <!-- windowHandlings.WindowHanding -->
