<?xml version="1.0" encoding="UTF-8"?>
<!-- Generated by org.testng.reporters.JUnitReportReporter -->
<testsuite hostname="LAPTOP-LR60D6IR" failures="0" tests="2" name="practiceSet3.Verify" time="0.028" errors="0" timestamp="2025-07-31T07:43:03 IST" skipped="0">
  <testcase classname="practiceSet3.Verify" name="m7" time="0.025"/>
  <testcase classname="practiceSet3.Verify" name="m8" time="0.003"/>
</testsuite> <!-- practiceSet3.Verify -->
