<?xml version="1.0" encoding="UTF-8"?>
<!-- Generated by org.testng.reporters.JUnitReportReporter -->
<testsuite hostname="LAPTOP-LR60D6IR" failures="0" tests="1" name="pageObject4.TC_001_LoginClass" time="1.065" errors="0" timestamp="2025-10-05T10:55:11 IST" skipped="0">
  <testcase classname="pageObject4.TC_001_LoginClass" name="Login" time="1.065"/>
</testsuite> <!-- pageObject4.TC_001_LoginClass -->
